This is XeTeX, Version 3.141592653-2.6-0.999993 (TeX Live 2022/dev/Debian) (preloaded format=xetex 2023.3.1)  1 MAR 2023 16:50
entering extended mode
 restricted \write18 enabled.
 %&-line parsing enabled.
**template.tex
(./template.tex
! Undefined control sequence.
l.6 \documentclass
                  [font=default]{mpltx}
? 
! Undefined control sequence.
l.9 \hypersetup
               {colorlinks=true}% 超链接带颜色
? 
! Undefined control sequence.
l.10 \usepackage
                {xcolor}
? 
! Undefined control sequence.
l.11 \newcommand
                {\note}[1]{{\color{gray}#1}}
? 
! Undefined control sequence.
l.11 \newcommand{\note
                      }[1]{{\color{gray}#1}}
? 
! Undefined control sequence.
l.11 \newcommand{\note}[1]{{\color
                                  {gray}#1}}
? 
! You can't use `macro parameter character #' in horizontal mode.
l.11 \newcommand{\note}[1]{{\color{gray}#
                                         1}}
? 
! Undefined control sequence.
l.12 \NewDocumentCommand
                        {\pkg}{s o m}{%
? 
! Undefined control sequence.
l.12 \NewDocumentCommand{\pkg
                             }{s o m}{%
? 
! Undefined control sequence.
l.13     \IfBooleanF
                    {#1}{%
? 
! You can't use `macro parameter character #' in horizontal mode.
l.13     \IfBooleanF{#
                      1}{%
? 
! Undefined control sequence.
l.14         \IfNoValueTF
                         {#2}%
? 
! You can't use `macro parameter character #' in horizontal mode.
l.14         \IfNoValueTF{#
                           2}%
? 
! Undefined control sequence.
l.15             {\href
                       {https://www.ctan.org/pkg/#3}}%
? 
! You can't use `macro parameter character #' in horizontal mode.
l.15             {\href{https://www.ctan.org/pkg/#
                                                  3}}%
? 
! Undefined control sequence.
l.16             {\href
                       {https://www.ctan.org/pkg/#2}}%
? 
! You can't use `macro parameter character #' in horizontal mode.
l.16             {\href{https://www.ctan.org/pkg/#
                                                  2}}%
? 
! Undefined control sequence.
l.18     {\textsf
                 {#3}}%
? 
! You can't use `macro parameter character #' in horizontal mode.
l.18     {\textsf{#
                   3}}%
? 
! Undefined control sequence.
l.20 \newcommand
                *\cs[1]{\texttt{\textbackslash #1}}
? 
! Undefined control sequence.
l.20 \newcommand*\cs
                    [1]{\texttt{\textbackslash #1}}
? 
! Undefined control sequence.
l.20 \newcommand*\cs[1]{\texttt
                               {\textbackslash #1}}
? 
! Undefined control sequence.
l.20 \newcommand*\cs[1]{\texttt{\textbackslash
                                               #1}}
? 
! You can't use `macro parameter character #' in horizontal mode.
l.20 \newcommand*\cs[1]{\texttt{\textbackslash #
                                                1}}
? 
! Undefined control sequence.
l.21 \newcommand
                *\env[1]{\textit{\texttt{#1}}}
? 
! Undefined control sequence.
l.21 \newcommand*\env
                     [1]{\textit{\texttt{#1}}}
? 
! Undefined control sequence.
l.21 \newcommand*\env[1]{\textit
                                {\texttt{#1}}}
? 
! Undefined control sequence.
l.21 \newcommand*\env[1]{\textit{\texttt
                                        {#1}}}
? 
! You can't use `macro parameter character #' in horizontal mode.
l.21 \newcommand*\env[1]{\textit{\texttt{#
                                          1}}}
? 
! Undefined control sequence.
l.22 \newcommand
                *\code[1]{\texttt{#1}}
? 
! Undefined control sequence.
l.22 \newcommand*\code
                      [1]{\texttt{#1}}
? 
! Undefined control sequence.
l.22 \newcommand*\code[1]{\texttt
                                 {#1}}
? 
! You can't use `macro parameter character #' in horizontal mode.
l.22 \newcommand*\code[1]{\texttt{#
                                   1}}
? 
! Undefined control sequence.
l.23 \newcommand
                *\file[1]{\textbf{\texttt{#1}}}
? 
! Undefined control sequence.
l.23 \newcommand*\file
                      [1]{\textbf{\texttt{#1}}}
? 
! Undefined control sequence.
l.23 \newcommand*\file[1]{\textbf
                                 {\texttt{#1}}}
? 
! Undefined control sequence.
l.23 \newcommand*\file[1]{\textbf{\texttt
                                         {#1}}}
? 
! You can't use `macro parameter character #' in horizontal mode.
l.23 \newcommand*\file[1]{\textbf{\texttt{#
                                           1}}}
? 
! Undefined control sequence.
l.24 \makeatletter
                  
? 
! Undefined control sequence.
l.25 \newcommand
                \releasedate{%
? 
! Undefined control sequence.
l.25 \newcommand\releasedate
                            {%
? 
! Undefined control sequence.
l.26     \href
              {https://github.com/CastleStar14654/PKUMpLtX/releases/tag/\mpl...

? 
! Undefined control sequence.
l.26 ...stleStar14654/PKUMpLtX/releases/tag/\mpltx
                                                  @fileversion}%
? 
! Undefined control sequence.
l.27         {\mpltx
                    @filedate, \mpltx@fileversion}}
? 
! Undefined control sequence.
l.27         {\mpltx@filedate, \mpltx
                                     @fileversion}}
? 
! Undefined control sequence.
l.28 \makeatother
                 
? 

Overfull \hbox (12.52386pt too wide) in paragraph at lines 9--30
\tenrm *[1]1 *[1]1 *[1]1 https://github.com/CastleStar14654/PKUMpLtX/releases/t
ag/@fileversion@filedate, @filever-|

\hbox(7.5+2.5)x469.75499, glue set - 1.0
.\tenrm *
.\tenrm [
.\tenrm 1
.\tenrm ]
.\tenrm 1
.etc.

! Undefined control sequence.
l.31 \begin
           {document}
? 
! Undefined control sequence.
l.33 \title
           {实验题目} % 切合报告内容, 简短明确, 可以不同于讲义
? 
Missing character: There is no 实 ("5B9E) in font cmr10!
Missing character: There is no 验 ("9A8C) in font cmr10!
Missing character: There is no 题 ("9898) in font cmr10!
Missing character: There is no 目 ("76EE) in font cmr10!
! Undefined control sequence.
l.34 \author
            {姓名} % 这里 \emailphone 一定要紧跟在 \author 后方
? 
Missing character: There is no 姓 ("59D3) in font cmr10!
Missing character: There is no 名 ("540D) in font cmr10!
! Undefined control sequence.
l.35 \emailphone
                {email@pku.edu.cn}{(86)152XXXXXXXX}
? 
! Undefined control sequence.
l.37 \affiliation
                 {北京大学物理学院\quad 学号: 20000xxxxx}
? 
Missing character: There is no 北 ("5317) in font cmr10!
Missing character: There is no 京 ("4EAC) in font cmr10!
Missing character: There is no 大 ("5927) in font cmr10!
Missing character: There is no 学 ("5B66) in font cmr10!
Missing character: There is no 物 ("7269) in font cmr10!
Missing character: There is no 理 ("7406) in font cmr10!
Missing character: There is no 学 ("5B66) in font cmr10!
Missing character: There is no 院 ("9662) in font cmr10!
Missing character: There is no 学 ("5B66) in font cmr10!
Missing character: There is no 号 ("53F7) in font cmr10!
! Undefined control sequence.
l.44 \date
          {\releasedate}
? 
! Undefined control sequence.
l.44 \date{\releasedate
                       }
? 
! Undefined control sequence.
l.45 \begin
           {abstract}
? 
Missing character: There is no 此 ("6B64) in font cmr10!
Missing character: There is no 部 ("90E8) in font cmr10!
Missing character: There is no 分 ("5206) in font cmr10!
Missing character: There is no 为 ("4E3A) in font cmr10!
Missing character: There is no 摘 ("6458) in font cmr10!
Missing character: There is no 要 ("8981) in font cmr10!
Missing character: There is no 字 ("5B57) in font cmr10!
Missing character: There is no 说 ("8BF4) in font cmr10!
Missing character: There is no 明 ("660E) in font cmr10!
Missing character: There is no 用 ("7528) in font cmr10!
Missing character: There is no 什 ("4EC0) in font cmr10!
Missing character: There is no 么 ("4E48) in font cmr10!
Missing character: There is no 方 ("65B9) in font cmr10!
Missing character: There is no 法 ("6CD5) in font cmr10!
Missing character: There is no 做 ("505A) in font cmr10!
Missing character: There is no 了 ("4E86) in font cmr10!
Missing character: There is no 什 ("4EC0) in font cmr10!
Missing character: There is no 么 ("4E48) in font cmr10!
Missing character: There is no 事 ("4E8B) in font cmr10!
Missing character: There is no 由 ("7531) in font cmr10!
Missing character: There is no 此 ("6B64) in font cmr10!
Missing character: There is no 得 ("5F97) in font cmr10!
Missing character: There is no 到 ("5230) in font cmr10!
Missing character: There is no 什 ("4EC0) in font cmr10!
Missing character: There is no 么 ("4E48) in font cmr10!
Missing character: There is no 结 ("7ED3) in font cmr10!
Missing character: There is no 果 ("679C) in font cmr10!
Missing character: There is no 和 ("548C) in font cmr10!
Missing character: There is no 结 ("7ED3) in font cmr10!
Missing character: There is no 论 ("8BBA) in font cmr10!
Missing character: There is no 有 ("6709) in font cmr10!
Missing character: There is no 何 ("4F55) in font cmr10!
Missing character: There is no 意 ("610F) in font cmr10!
Missing character: There is no 义 ("4E49) in font cmr10!
Missing character: There is no 摘 ("6458) in font cmr10!
Missing character: There is no 要 ("8981) in font cmr10!
Missing character: There is no 中 ("4E2D) in font cmr10!
Missing character: There is no 不 ("4E0D) in font cmr10!
Missing character: There is no 用 ("7528) in font cmr10!
Missing character: There is no 缩 ("7F29) in font cmr10!
Missing character: There is no 略 ("7565) in font cmr10!
Missing character: There is no 词 ("8BCD) in font cmr10!
Missing character: There is no 不 ("4E0D) in font cmr10!
Missing character: There is no 用 ("7528) in font cmr10!
Missing character: There is no 第 ("7B2C) in font cmr10!
Missing character: There is no 一 ("4E00) in font cmr10!
Missing character: There is no 人 ("4EBA) in font cmr10!
Missing character: There is no 称 ("79F0) in font cmr10!
! Undefined control sequence.
l.49   \note
            {本文档为对 \href{https://github.com/CastleStar14654/PKUMpLtX}{\pkg*{...

? 
Missing character: There is no 本 ("672C) in font cmr10!
Missing character: There is no 文 ("6587) in font cmr10!
Missing character: There is no 档 ("6863) in font cmr10!
Missing character: There is no 为 ("4E3A) in font cmr10!
Missing character: There is no 对 ("5BF9) in font cmr10!
! Undefined control sequence.
l.49   \note{本文档为对 \href
                        {https://github.com/CastleStar14654/PKUMpLtX}{\pkg*{...

? 
! Undefined control sequence.
l.49 .../github.com/CastleStar14654/PKUMpLtX}{\pkg
                                                  *{PKUMpLtX}} 的使用示例, 灰色部分为额...

? 
Missing character: There is no 的 ("7684) in font cmr10!
Missing character: There is no 使 ("4F7F) in font cmr10!
Missing character: There is no 用 ("7528) in font cmr10!
Missing character: There is no 示 ("793A) in font cmr10!
Missing character: There is no 例 ("4F8B) in font cmr10!
Missing character: There is no 灰 ("7070) in font cmr10!
Missing character: There is no 色 ("8272) in font cmr10!
Missing character: There is no 部 ("90E8) in font cmr10!
Missing character: There is no 分 ("5206) in font cmr10!
Missing character: There is no 为 ("4E3A) in font cmr10!
Missing character: There is no 额 ("989D) in font cmr10!
Missing character: There is no 外 ("5916) in font cmr10!
Missing character: There is no 针 ("9488) in font cmr10!
Missing character: There is no 对 ("5BF9) in font cmr10!
! Undefined control sequence.
l.49 ...}{\pkg*{PKUMpLtX}} 的使用示例, 灰色部分为额外针对 \LaTeX
                                                  {} 模板使用的说明或是一些能提升输出效果的琐碎细节.
? 
Missing character: There is no 模 ("6A21) in font cmr10!
Missing character: There is no 板 ("677F) in font cmr10!
Missing character: There is no 使 ("4F7F) in font cmr10!
Missing character: There is no 用 ("7528) in font cmr10!
Missing character: There is no 的 ("7684) in font cmr10!
Missing character: There is no 说 ("8BF4) in font cmr10!
Missing character: There is no 明 ("660E) in font cmr10!
Missing character: There is no 或 ("6216) in font cmr10!
Missing character: There is no 是 ("662F) in font cmr10!
Missing character: There is no 一 ("4E00) in font cmr10!
Missing character: There is no 些 ("4E9B) in font cmr10!
Missing character: There is no 能 ("80FD) in font cmr10!
Missing character: There is no 提 ("63D0) in font cmr10!
Missing character: There is no 升 ("5347) in font cmr10!
Missing character: There is no 输 ("8F93) in font cmr10!
Missing character: There is no 出 ("51FA) in font cmr10!
Missing character: There is no 效 ("6548) in font cmr10!
Missing character: There is no 果 ("679C) in font cmr10!
Missing character: There is no 的 ("7684) in font cmr10!
Missing character: There is no 琐 ("7410) in font cmr10!
Missing character: There is no 碎 ("788E) in font cmr10!
Missing character: There is no 细 ("7EC6) in font cmr10!
Missing character: There is no 节 ("8282) in font cmr10!
Missing character: There is no 也 ("4E5F) in font cmr10!
Missing character: There is no 请 ("8BF7) in font cmr10!
Missing character: There is no 注 ("6CE8) in font cmr10!
Missing character: There is no 意 ("610F) in font cmr10!
Missing character: There is no 查 ("67E5) in font cmr10!
Missing character: There is no 看 ("770B) in font cmr10!
Missing character: There is no 源 ("6E90) in font cmr10!
Missing character: There is no 文 ("6587) in font cmr10!
Missing character: There is no 档 ("6863) in font cmr10!
! Undefined control sequence.
l.50     也请注意查看源文档 \file
                        {template.tex} 中的注释.}
? 
Missing character: There is no 中 ("4E2D) in font cmr10!
Missing character: There is no 的 ("7684) in font cmr10!
Missing character: There is no 注 ("6CE8) in font cmr10!
Missing character: There is no 释 ("91CA) in font cmr10!

Overfull \hbox (195.801pt too wide) in paragraph at lines 33--51
[]  \tenrm email@pku.edu.cn(86)152XXXXXXXX  : 20000xxxxx  ab-stract . 200--300,
 , , . , .  https://github.com/CastleStar14654/PKUMpLtX*PKUMpLtX|

\hbox(7.5+2.5)x469.75499, glue set - 1.0
.\hbox(0.0+0.0)x20.0
.\glue 3.33333 plus 1.66666 minus 1.11111
.\glue 3.33333 plus 1.66666 minus 1.11111
.\tenrm e
.\tenrm m
.etc.

[1] )
Output written on template.pdf (1 page).
